Command line:
   Bitstream_isim_beh.exe
     -simmode  gui
     -simrunnum  0
     -socket  39618

Fri Dec 16 14:36:34 2016


 Elaboration Time: 0.28125 sec

 Current Memory Usage: 1490.41 Meg

 Total Signals          : 42
 Total Nets             : 64
 Total Signal Drivers   : 16
 Total Blocks           : 5
 Total Primitive Blocks : 4
 Total Processes        : 25
 Total Traceable Variables  : 41
 Total Scalar Nets and Variables : 353
Total Line Count : 158
Total Line Count : 158

 Total Simulation Time: 0.296875 sec

 Current Memory Usage: 1018.49 Meg

Fri Dec 16 14:38:27 2016

